<?xml version="1.0" encoding="UTF-8"?>
<testsuite xmlns:xsi="http://www.w3.org/2001/XMLSchema-instance" xsi:noNamespaceSchemaLocation="https://maven.apache.org/surefire/maven-surefire-plugin/xsd/surefire-test-report.xsd" version="3.0.2" name="ru.grafana.metrics.MetricsApplicationTests" time="0.841" tests="1" errors="0" skipped="0" failures="0">
  <properties>
[...]
</properties>
  <testcase name="contextLoads" classname="ru.grafana.metrics.MetricsApplicationTests" time="0.311">
    <system-out><![CDATA[12:15:06.210 [main] INFO org.springframework.test.context.support.AnnotationConfigContextLoaderUtils -- Could not detect default configuration classes for test class [ru.grafana.metrics.MetricsApplicationTests]: MetricsApplicationTests does not declare any static, non-private, non-final, nested classes annotated with @Configuration.
12:15:06.255 [main] INFO org.springframework.boot.test.context.SpringBootTestContextBootstrapper -- Found @SpringBootConfiguration ru.grafana.metrics.MetricsApplication for test class ru.grafana.metrics.MetricsApplicationTests

  .   ____          _            __ _ _
 /\\ / ___'_ __ _ _(_)_ __  __ _ \ \ \ \
( ( )\___ | '_ | '_| | '_ \/ _` | \ \ \ \
 \\/  ___)| |_)| | | | | || (_| |  ) ) ) )
  '  |____| .__|_| |_|_| |_\__, | / / / /
 =========|_|==============|___/=/_/_/_/

 :: Spring Boot ::               (v3.5.10)

2026-03-04T12:15:06.388+03:00  INFO 6580 --- [           main] r.g.metrics.MetricsApplicationTests      : Starting MetricsApplicationTests using Java 25.0.1 with PID 6580 (started by laurkan in /Users/laurkan/IdeaProjects/vmsandbox/metrics-reciever)
2026-03-04T12:15:06.389+03:00  INFO 6580 --- [           main] r.g.metrics.MetricsApplicationTests      : No active profile set, falling back to 1 default profile: "default"
2026-03-04T12:15:06.683+03:00  INFO 6580 --- [           main] r.g.metrics.MetricsApplicationTests      : Started MetricsApplicationTests in 0.38 seconds (process running for 0.718)
]]></system-out>
    <system-err><![CDATA[Mockito is currently self-attaching to enable the inline-mock-maker. This will no longer work in future releases of the JDK. Please add Mockito as an agent to your build as described in Mockito's documentation: https://javadoc.io/doc/org.mockito/mockito-core/latest/org.mockito/org/mockito/Mockito.html#0.3
WARNING: A Java agent has been loaded dynamically (/Users/laurkan/.m2/repository/net/bytebuddy/byte-buddy-agent/1.17.8/byte-buddy-agent-1.17.8.jar)
WARNING: If a serviceability tool is in use, please run with -XX:+EnableDynamicAgentLoading to hide this warning
WARNING: If a serviceability tool is not in use, please run with -Djdk.instrument.traceUsage for more information
WARNING: Dynamic loading of agents will be disallowed by default in a future release
]]></system-err>
  </testcase>
</testsuite>